0 info it worked if it ends with ok
1 verbose cli [ '/usr/local/bin/node',
1 verbose cli   '/usr/local/bin/npm',
1 verbose cli   'install',
1 verbose cli   'gulp-scripts' ]
2 info using npm@3.10.10
3 info using node@v6.9.4
4 silly loadCurrentTree Starting
5 silly install loadCurrentTree
6 silly install readLocalPackageData
7 silly fetchPackageMetaData gulp-scripts
8 silly fetchNamedPackageData gulp-scripts
9 silly mapToRegistry name gulp-scripts
10 silly mapToRegistry using default registry
11 silly mapToRegistry registry https://registry.npmjs.org/
12 silly mapToRegistry data Result {
12 silly mapToRegistry   raw: 'gulp-scripts',
12 silly mapToRegistry   scope: null,
12 silly mapToRegistry   escapedName: 'gulp-scripts',
12 silly mapToRegistry   name: 'gulp-scripts',
12 silly mapToRegistry   rawSpec: '',
12 silly mapToRegistry   spec: 'latest',
12 silly mapToRegistry   type: 'tag' }
13 silly mapToRegistry uri https://registry.npmjs.org/gulp-scripts
14 verbose request uri https://registry.npmjs.org/gulp-scripts
15 verbose request no auth needed
16 info attempt registry request try #1 at 5:31:30 PM
17 verbose request id fa671a469c67596f
18 http request GET https://registry.npmjs.org/gulp-scripts
19 http 200 https://registry.npmjs.org/gulp-scripts
20 verbose headers { server: 'nginx/1.10.1',
20 verbose headers   'content-type': 'application/json',
20 verbose headers   'last-modified': 'Wed, 22 Feb 2017 20:20:33 GMT',
20 verbose headers   etag: 'W/"58adf291-19a"',
20 verbose headers   'content-encoding': 'gzip',
20 verbose headers   'cache-control': 'max-age=300',
20 verbose headers   'content-length': '244',
20 verbose headers   'accept-ranges': 'bytes',
20 verbose headers   date: 'Tue, 19 Sep 2017 21:31:30 GMT',
20 verbose headers   via: '1.1 varnish',
20 verbose headers   age: '0',
20 verbose headers   connection: 'keep-alive',
20 verbose headers   'x-served-by': 'cache-jfk8148-JFK',
20 verbose headers   'x-cache': 'MISS',
20 verbose headers   'x-cache-hits': '0',
20 verbose headers   'x-timer': 'S1505856691.530187,VS0,VE36',
20 verbose headers   vary: 'Accept-Encoding, Accept' }
21 silly get cb [ 200,
21 silly get   { server: 'nginx/1.10.1',
21 silly get     'content-type': 'application/json',
21 silly get     'last-modified': 'Wed, 22 Feb 2017 20:20:33 GMT',
21 silly get     etag: 'W/"58adf291-19a"',
21 silly get     'content-encoding': 'gzip',
21 silly get     'cache-control': 'max-age=300',
21 silly get     'content-length': '244',
21 silly get     'accept-ranges': 'bytes',
21 silly get     date: 'Tue, 19 Sep 2017 21:31:30 GMT',
21 silly get     via: '1.1 varnish',
21 silly get     age: '0',
21 silly get     connection: 'keep-alive',
21 silly get     'x-served-by': 'cache-jfk8148-JFK',
21 silly get     'x-cache': 'MISS',
21 silly get     'x-cache-hits': '0',
21 silly get     'x-timer': 'S1505856691.530187,VS0,VE36',
21 silly get     vary: 'Accept-Encoding, Accept' } ]
22 verbose get saving gulp-scripts to /Users/allisonmccann/.npm/registry.npmjs.org/gulp-scripts/.cache.json
23 verbose correctMkdir /Users/allisonmccann/.npm correctMkdir not in flight; initializing
24 verbose stack TypeError: Cannot convert undefined or null to object
24 verbose stack     at pickVersionFromRegistryDocument (/usr/local/lib/node_modules/npm/lib/fetch-package-metadata.js:125:29)
24 verbose stack     at /usr/local/lib/node_modules/npm/node_modules/iferr/index.js:13:50
24 verbose stack     at /usr/local/lib/node_modules/npm/lib/utils/pulse-till-done.js:20:8
24 verbose stack     at saved (/usr/local/lib/node_modules/npm/lib/cache/caching-client.js:174:7)
24 verbose stack     at /usr/local/lib/node_modules/npm/node_modules/graceful-fs/polyfills.js:241:18
24 verbose stack     at FSReqWrap.oncomplete (fs.js:123:15)
25 verbose cwd /Users/allisonmccann/Desktop/gulp-starter-js
26 error Darwin 15.6.0
27 error argv "/usr/local/bin/node" "/usr/local/bin/npm" "install" "gulp-scripts"
28 error node v6.9.4
29 error npm  v3.10.10
30 error Cannot convert undefined or null to object
31 error If you need help, you may report this error at:
31 error     <https://github.com/npm/npm/issues>
32 verbose exit [ 1, true ]
